<?xml version="1.0" encoding="UTF-8"?>
<testng-results ignored="0" total="1" passed="1" failed="0" skipped="0">
  <reporter-output>
  </reporter-output>
  <suite started-at="2020-08-25T15:10:16 IST" name="Default suite" finished-at="2020-08-25T15:10:55 IST" duration-ms="39421">
    <groups>
    </groups>
    <test started-at="2020-08-25T15:10:16 IST" name="Default test" finished-at="2020-08-25T15:10:55 IST" duration-ms="39421">
      <class name="com.qa.testcases.Coffeepagetest">
        <test-method is-config="true" signature="setup()[pri:0, instance:com.qa.testcases.Coffeepagetest@75329a49]" started-at="2020-08-25T15:10:16 IST" name="setup" finished-at="2020-08-25T15:10:33 IST" duration-ms="17170" status="PASS">
          <reporter-output>
          </reporter-output>
        </test-method> <!-- setup -->
        <test-method signature="verifyremovecart()[pri:5, instance:com.qa.testcases.Coffeepagetest@75329a49]" started-at="2020-08-25T15:10:33 IST" name="verifyremovecart" finished-at="2020-08-25T15:10:55 IST" duration-ms="21537" status="PASS">
          <reporter-output>
          </reporter-output>
        </test-method> <!-- verifyremovecart -->
        <test-method is-config="true" signature="teardown()[pri:0, instance:com.qa.testcases.Coffeepagetest@75329a49]" started-at="2020-08-25T15:10:55 IST" name="teardown" finished-at="2020-08-25T15:10:55 IST" duration-ms="681" status="PASS">
          <reporter-output>
          </reporter-output>
        </test-method> <!-- teardown -->
      </class> <!-- com.qa.testcases.Coffeepagetest -->
    </test> <!-- Default test -->
  </suite> <!-- Default suite -->
</testng-results>
