<?xml version="1.0" encoding="UTF-8"?>
<!-- Generated by org.testng.reporters.JUnitXMLReporter -->
<testsuite ignored="0" hostname="DESKTOP-QSM3Q2F" failures="2" tests="40" name="Peets Prod Automation" time="806.656" errors="0" timestamp="2020-08-24T21:09:53 IST">
  <testcase classname="com.qa.testcases.LoginPageTest" name="loginpagetitletest" time="0.014"/>
  <testcase classname="com.qa.testcases.LoginPageTest" name="crmlogotest" time="0.097"/>
  <testcase classname="com.qa.testcases.LoginPageTest" name="logintest" time="14.094"/>
  <testcase classname="com.qa.testcases.Homepagetest" name="Hoveronsubscriptionsheaderlink" time="0.088"/>
  <testcase classname="com.qa.testcases.Homepagetest" name="Hoveronsubscriptionsheaderlinkclick" time="0.303"/>
  <testcase classname="com.qa.testcases.Homepagetest" name="Hoveronlocationsheaderlink" time="0.343"/>
  <testcase classname="com.qa.testcases.Homepagetest" name="Hoveronmenuheaderlink" time="0.328"/>
  <testcase classname="com.qa.testcases.Homepagetest" name="Hoveronrewardslink" time="0.133"/>
  <testcase classname="com.qa.testcases.Homepagetest" name="navigatetocoffeehomepage" time="23.382"/>
  <testcase classname="com.qa.testcases.Homepagetest" name="navigatetoteahomepage" time="2.233"/>
  <testcase classname="com.qa.testcases.Homepagetest" name="navigatetoequipmenthomepage" time="2.211"/>
  <testcase classname="com.qa.testcases.Homepagetest" name="navigatetorewardshomepage" time="3.461"/>
  <testcase classname="com.qa.testcases.seachpagetest" name="searchandscroll" time="0.303"/>
  <testcase classname="com.qa.testcases.seachpagetest" name="clicksearch" time="7.991"/>
  <testcase classname="com.qa.testcases.seachpagetest" name="searchtea" time="6.08"/>
  <testcase classname="com.qa.testcases.Sign_up_page_test" name="addcontactpresent" time="14.119">
    <failure type="org.openqa.selenium.NoSuchElementException" message="no such element: Unable to locate element: {&amp;quot;method&amp;quot;:&amp;quot;xpath&amp;quot;,&amp;quot;selector&amp;quot;:&amp;quot;//span[text()=&amp;apos;Create An Account&amp;apos;]&amp;quot;}
  (Session info: chrome=84.0.4147.135)
For documentation on this error, please visit: http://seleniumhq.org/exceptions/no_such_element.html
Build info: version: &amp;apos;3.14.0&amp;apos;, revision: &amp;apos;aacccce0&amp;apos;, time: &amp;apos;2018-08-02T20:19:58.91Z&amp;apos;
System info: host: &amp;apos;DESKTOP-QSM3Q2F&amp;apos;, ip: &amp;apos;192.168.43.129&amp;apos;, os.name: &amp;apos;Windows 10&amp;apos;, os.arch: &amp;apos;amd64&amp;apos;, os.version: &amp;apos;10.0&amp;apos;, java.version: &amp;apos;14&amp;apos;
Driver info: org.openqa.selenium.chrome.ChromeDriver
Capabilities {acceptInsecureCerts: false, browserName: chrome, browserVersion: 84.0.4147.135, chrome: {chromedriverVersion: 83.0.4103.39 (ccbf011cb2d2b..., userDataDir: C:\Users\THIMME~1\AppData\L...}, goog:chromeOptions: {debuggerAddress: localhost:52488}, javascriptEnabled: true, networkConnectionEnabled: false, pageLoadStrategy: normal, platform: WINDOWS, platformName: WINDOWS, proxy: Proxy(), setWindowRect: true, strictFileInteractability: false, timeouts: {implicit: 0, pageLoad: 300000, script: 30000}, unhandledPromptBehavior: dismiss and notify, webauthn:virtualAuthenticators: true}
Session ID: 1fbaa518b23eeef1a4011eb85ec20f8d
*** Element info: {Using=xpath, value=//span[text()=&amp;apos;Create An Account&amp;apos;]}">
      <![CDATA[org.openqa.selenium.NoSuchElementException: no such element: Unable to locate element: {"method":"xpath","selector":"//span[text()='Create An Account']"}
  (Session info: chrome=84.0.4147.135)
For documentation on this error, please visit: http://seleniumhq.org/exceptions/no_such_element.html
Build info: version: '3.14.0', revision: 'aacccce0', time: '2018-08-02T20:19:58.91Z'
System info: host: 'DESKTOP-QSM3Q2F', ip: '192.168.43.129', os.name: 'Windows 10', os.arch: 'amd64', os.version: '10.0', java.version: '14'
Driver info: org.openqa.selenium.chrome.ChromeDriver
Capabilities {acceptInsecureCerts: false, browserName: chrome, browserVersion: 84.0.4147.135, chrome: {chromedriverVersion: 83.0.4103.39 (ccbf011cb2d2b..., userDataDir: C:\Users\THIMME~1\AppData\L...}, goog:chromeOptions: {debuggerAddress: localhost:52488}, javascriptEnabled: true, networkConnectionEnabled: false, pageLoadStrategy: normal, platform: WINDOWS, platformName: WINDOWS, proxy: Proxy(), setWindowRect: true, strictFileInteractability: false, timeouts: {implicit: 0, pageLoad: 300000, script: 30000}, unhandledPromptBehavior: dismiss and notify, webauthn:virtualAuthenticators: true}
Session ID: 1fbaa518b23eeef1a4011eb85ec20f8d
*** Element info: {Using=xpath, value=//span[text()='Create An Account']}
at org.openqa.selenium.remote.http.W3CHttpResponseCodec.createException(W3CHttpResponseCodec.java:187)
at org.openqa.selenium.remote.http.W3CHttpResponseCodec.decode(W3CHttpResponseCodec.java:122)
at org.openqa.selenium.remote.http.W3CHttpResponseCodec.decode(W3CHttpResponseCodec.java:49)
at org.openqa.selenium.remote.HttpCommandExecutor.execute(HttpCommandExecutor.java:158)
at org.openqa.selenium.remote.service.DriverCommandExecutor.execute(DriverCommandExecutor.java:83)
at org.openqa.selenium.remote.RemoteWebDriver.execute(RemoteWebDriver.java:548)
at org.openqa.selenium.remote.RemoteWebDriver.findElement(RemoteWebDriver.java:322)
at org.openqa.selenium.remote.RemoteWebDriver.findElementByXPath(RemoteWebDriver.java:424)
at org.openqa.selenium.By$ByXPath.findElement(By.java:353)
at org.openqa.selenium.remote.RemoteWebDriver.findElement(RemoteWebDriver.java:314)
at org.openqa.selenium.support.events.EventFiringWebDriver.lambda$new$1(EventFiringWebDriver.java:105)
at com.sun.proxy.$Proxy11.findElement(Unknown Source)
at org.openqa.selenium.support.events.EventFiringWebDriver.findElement(EventFiringWebDriver.java:194)
at org.openqa.selenium.support.pagefactory.DefaultElementLocator.findElement(DefaultElementLocator.java:69)
at org.openqa.selenium.support.pagefactory.internal.LocatingElementHandler.invoke(LocatingElementHandler.java:38)
at com.sun.proxy.$Proxy16.isDisplayed(Unknown Source)
at com.crm.qa.pages.Sign_up_page.checkcreatecontactdisplayed(Sign_up_page.java:50)
at com.qa.testcases.Sign_up_page_test.addcontactpresent(Sign_up_page_test.java:29)
at java.base/java.util.ArrayList.forEach(ArrayList.java:1510)
... Removed 35 stack frames]]>
    </failure>
  </testcase> <!-- addcontactpresent -->
  <testcase classname="com.qa.testcases.Sign_up_page_test" name="addcntact" time="23.001"/>
  <testcase classname="com.qa.testcases.Sign_up_page_test" name="addcntact" time="22.176"/>
  <testcase classname="com.qa.testcases.checckout_page_test" name="checkout_check" time="27.37">
    <failure type="org.openqa.selenium.TimeoutException" message="Expected condition failed: waiting for visibility of element located by By.xpath: //a[@title=&amp;quot;Organic French Roast&amp;quot; and @tabindex=&amp;quot;0&amp;quot;] (tried for 15 second(s) with 500 milliseconds interval)">
      <![CDATA[org.openqa.selenium.TimeoutException: Expected condition failed: waiting for visibility of element located by By.xpath: //a[@title="Organic French Roast" and @tabindex="0"] (tried for 15 second(s) with 500 milliseconds interval)
at org.openqa.selenium.support.ui.WebDriverWait.timeoutException(WebDriverWait.java:113)
at org.openqa.selenium.support.ui.FluentWait.until(FluentWait.java:283)
at com.crm.qa.pages.Checkout_page.checkout(Checkout_page.java:81)
at com.qa.testcases.checckout_page_test.checkout_check(checckout_page_test.java:29)
at java.base/java.util.ArrayList.forEach(ArrayList.java:1510)
Caused by: org.openqa.selenium.NoSuchElementException: Cannot locate an element using By.xpath: //a[@title="Organic French Roast" and @tabindex="0"]
For documentation on this error, please visit: http://seleniumhq.org/exceptions/no_such_element.html
Build info: version: '3.14.0', revision: 'aacccce0', time: '2018-08-02T20:19:58.91Z'
System info: host: 'DESKTOP-QSM3Q2F', ip: '192.168.43.129', os.name: 'Windows 10', os.arch: 'amd64', os.version: '10.0', java.version: '14'
Driver info: driver.version: unknown
at org.openqa.selenium.support.ui.ExpectedConditions.lambda$findElement$0(ExpectedConditions.java:896)
at java.base/java.util.Optional.orElseThrow(Optional.java:401)
at org.openqa.selenium.support.ui.ExpectedConditions.findElement(ExpectedConditions.java:895)
at org.openqa.selenium.support.ui.ExpectedConditions.access$000(ExpectedConditions.java:44)
at org.openqa.selenium.support.ui.ExpectedConditions$7.apply(ExpectedConditions.java:206)
at org.openqa.selenium.support.ui.ExpectedConditions$7.apply(ExpectedConditions.java:202)
at org.openqa.selenium.support.ui.FluentWait.until(FluentWait.java:260)
... 30 more
... Removed 27 stack frames]]>
    </failure>
  </testcase> <!-- checkout_check -->
  <testcase classname="com.qa.testcases.Footer_page_test" name="Help_Centerfooterlnkcheck" time="0.034"/>
  <testcase classname="com.qa.testcases.Footer_page_test" name="verify_my_account_link" time="0.039"/>
  <testcase classname="com.qa.testcases.Footer_page_test" name="verify_Peets_Cards" time="0.063"/>
  <testcase classname="com.qa.testcases.Footer_page_test" name="verify_Peetnik_cardslnk" time="0.039"/>
  <testcase classname="com.qa.testcases.Footer_page_test" name="verify_Shipping_Returnslink" time="0.083"/>
  <testcase classname="com.qa.testcases.Footer_page_test" name="verify_Current_Offerslink" time="0.039"/>
  <testcase classname="com.qa.testcases.Footer_page_test" name="verifyGrocery_Storeslink" time="0.04"/>
  <testcase classname="com.qa.testcases.Footer_page_test" name="verifyCodeofEthicslnkcheck" time="0.052"/>
  <testcase classname="com.qa.testcases.Footer_page_test" name="verifyResponsibleSourcinglnkcheck" time="0.042"/>
  <testcase classname="com.qa.testcases.Footer_page_test" name="verifySubmitASitelnkcheck" time="0.229"/>
  <testcase classname="com.qa.testcases.Footer_page_test" name="verifyAffiliateProgramlnkcheck" time="0.035"/>
  <testcase classname="com.qa.testcases.Footer_page_test" name="verifySupplyChainTransparencylnk" time="0.037"/>
  <testcase classname="com.qa.testcases.Footer_page_test" name="verifyLicensedPartners" time="0.031"/>
  <testcase classname="com.qa.testcases.Footer_page_test" name="verifyProudlyPouringlnkcheck" time="0.048"/>
  <testcase classname="com.qa.testcases.Footer_page_test" name="verifyOfficeCoffeelink" time="0.034"/>
  <testcase classname="com.qa.testcases.Footer_page_test" name="HverifyMightyLeafTealnk" time="0.029"/>
  <testcase classname="com.qa.testcases.Footer_page_test" name="verifyJoinPeetslink" time="0.037"/>
  <testcase classname="com.qa.testcases.Footer_page_test" name="verifySocialResponsibilitylink" time="0.072"/>
  <testcase classname="com.qa.testcases.Footer_page_test" name="verifyOurpeoplelink" time="0.072"/>
  <testcase classname="com.qa.testcases.Footer_page_test" name="verifyNewsroom" time="0.032"/>
  <testcase classname="com.qa.testcases.Footer_page_test" name="verifyreferafriendlink" time="0.03"/>
</testsuite> <!-- Peets Prod Automation -->
