<?xml version="1.0" encoding="UTF-8"?>
<!-- Generated by org.testng.reporters.JUnitXMLReporter -->
<testsuite ignored="0" hostname="DESKTOP-QSM3Q2F" failures="0" tests="19" name="Peets Prod Automation" time="414.219" errors="0" timestamp="2020-08-21T17:59:10 IST">
  <testcase classname="com.qa.testcases.LoginPageTest" name="loginpagetitletest" time="0.013"/>
  <testcase classname="com.qa.testcases.LoginPageTest" name="crmlogotest" time="0.049"/>
  <testcase classname="com.qa.testcases.LoginPageTest" name="logintest" time="13.527"/>
  <testcase classname="com.qa.testcases.Homepagetest" name="Hoveronsubscriptionsheaderlink" time="0.04"/>
  <testcase classname="com.qa.testcases.Homepagetest" name="Hoveronsubscriptionsheaderlinkclick" time="0.146"/>
  <testcase classname="com.qa.testcases.Homepagetest" name="Hoveronlocationsheaderlink" time="0.776"/>
  <testcase classname="com.qa.testcases.Homepagetest" name="Hoveronmenuheaderlink" time="0.145"/>
  <testcase classname="com.qa.testcases.Homepagetest" name="Hoveronrewardslink" time="0.149"/>
  <testcase classname="com.qa.testcases.Homepagetest" name="navigatetocoffeehomepage" time="41.285"/>
  <testcase classname="com.qa.testcases.Homepagetest" name="navigatetoteahomepage" time="2.229"/>
  <testcase classname="com.qa.testcases.Homepagetest" name="navigatetoequipmenthomepage" time="2.221"/>
  <testcase classname="com.qa.testcases.Homepagetest" name="navigatetorewardshomepage" time="3.126"/>
  <testcase classname="com.qa.testcases.seachpagetest" name="searchandscroll" time="0.276"/>
  <testcase classname="com.qa.testcases.seachpagetest" name="clicksearch" time="8.108"/>
  <testcase classname="com.qa.testcases.seachpagetest" name="searchtea" time="5.1"/>
  <testcase classname="com.qa.testcases.Coffeepagetest" name="searchcoffeitem" time="0.127"/>
  <testcase classname="com.qa.testcases.Coffeepagetest" name="coffeePDPpage" time="7.668"/>
  <testcase classname="com.qa.testcases.Coffeepagetest" name="incresedecrease" time="21.852"/>
  <testcase classname="com.qa.testcases.Coffeepagetest" name="coffeeitemtocart" time="20.395"/>
</testsuite> <!-- Peets Prod Automation -->
