<?xml version="1.0" encoding="UTF-8"?>
<!-- Generated by org.testng.reporters.JUnitXMLReporter -->
<testsuite ignored="0" hostname="DESKTOP-QSM3Q2F" failures="0" tests="3" name="Default test" time="61.929" errors="0" timestamp="2020-08-21T17:44:45 IST">
  <testcase classname="com.qa.testcases.LoginPageTest" name="loginpagetitletest" time="0.306"/>
  <testcase classname="com.qa.testcases.LoginPageTest" name="crmlogotest" time="0.094"/>
  <testcase classname="com.qa.testcases.LoginPageTest" name="logintest" time="13.356"/>
</testsuite> <!-- Default test -->
